2025-02-22 20:55:14,851 - pisoprint - INFO - [STARTUP] Application starting
2025-02-22 20:55:15,319 - pisoprint - INFO - Found SumatraPDF at: C:\Users\Waren\AppData\Local\SumatraPDF\SumatraPDF.exe
2025-02-22 20:55:15,348 - pisoprint - INFO - PDFPrinter initialized with printer: EPSON L120 Series
2025-02-22 20:55:15,352 - pisoprint - INFO - SumatraPDF path: C:\Users\Waren\AppData\Local\SumatraPDF\SumatraPDF.exe
2025-02-22 20:55:15,353 - pisoprint - INFO - [APP_STATE] System state reset
2025-02-22 20:55:15,365 - pisoprint - INFO - [NAVIGATION] Screen cleared
2025-02-22 20:55:15,461 - pisoprint - INFO - [NAVIGATION] Main screen displayed
2025-02-22 20:55:15,468 - pisoprint - INFO - [APP_INIT] PisoPrint system initialized
2025-02-22 20:55:15,468 - pisoprint - INFO - [STARTUP] Application initialized and ready
2025-02-22 20:55:16,621 - pisoprint - INFO - [NAVIGATION] Screen cleared
2025-02-22 20:55:27,998 - pisoprint - INFO - [APP_STATE] System state reset
2025-02-22 20:55:28,048 - pisoprint - INFO - [NAVIGATION] Screen cleared
2025-02-22 20:55:28,072 - pisoprint - INFO - [NAVIGATION] Main screen displayed
2025-02-22 20:55:29,550 - pisoprint - INFO - [NAVIGATION] Screen cleared
2025-02-22 20:55:32,605 - pisoprint - INFO - [APP_STATE] System state reset
2025-02-22 20:55:32,660 - pisoprint - INFO - [NAVIGATION] Screen cleared
2025-02-22 20:55:32,686 - pisoprint - INFO - [NAVIGATION] Main screen displayed
2025-02-22 20:55:33,697 - pisoprint - INFO - [NAVIGATION] Screen cleared
2025-02-22 20:55:33,707 - pisoprint - INFO - [NAVIGATION] Receive screen displayed
2025-02-22 20:55:39,582 - pisoprint - INFO - [NAVIGATION] Screen cleared
2025-02-22 20:55:39,674 - pisoprint - INFO - [NAVIGATION] Preview screen displayed
2025-02-22 20:55:40,715 - pisoprint - INFO - [NAVIGATION] Screen cleared
2025-02-22 20:55:40,741 - pisoprint - INFO - [NAVIGATION] Selection screen displayed
2025-02-22 20:56:09,854 - pisoprint - INFO - [NAVIGATION] Screen cleared
2025-02-22 20:56:09,864 - pisoprint - INFO - CoinAcceptor initialized with port COM4, baudrate 9600
2025-02-22 20:56:09,865 - pisoprint - INFO - Connecting to coin acceptor on port COM4
2025-02-22 20:56:11,870 - pisoprint - INFO - Coin reading thread started
2025-02-22 20:56:11,871 - pisoprint - INFO - Successfully connected to coin acceptor
2025-02-22 20:56:11,876 - pisoprint - INFO - Coin callback function set
2025-02-22 20:56:11,876 - pisoprint - INFO - [PAYMENT] Coin acceptor connected and ready
2025-02-22 20:56:11,912 - pisoprint - INFO - [NAVIGATION] Payment screen displayed
2025-02-22 20:56:31,873 - pisoprint - INFO - Ignoring coin - payment already processing
2025-02-22 20:56:32,011 - pisoprint - INFO - Ignoring coin - payment already processing
2025-02-22 20:56:32,140 - pisoprint - INFO - Ignoring coin - payment already processing
2025-02-22 20:56:32,263 - pisoprint - INFO - Ignoring coin - payment already processing
2025-02-22 20:56:32,396 - pisoprint - INFO - Ignoring coin - payment already processing
2025-02-22 20:56:33,749 - pisoprint - INFO - [NAVIGATION] Proceeding to printing with 5 copies
2025-02-22 20:56:33,750 - pisoprint - ERROR - [CoinAcceptor] Invalid callback function (not callable)
2025-02-22 20:56:33,810 - pisoprint - INFO - [NAVIGATION] Screen cleared
2025-02-22 20:56:33,819 - pisoprint - INFO - [NAVIGATION] Printing screen displayed
2025-02-22 20:56:33,927 - pisoprint - INFO - [PRINT] Printing 5 copies of C:/Users/Waren/Downloads/Chapter I - Guide for Embedded Systems Project.pdf
2025-02-22 20:56:33,940 - pisoprint - INFO - Printer status: {'code': 0, 'ready': True, 'details': {}}
2025-02-22 20:56:33,942 - pisoprint - INFO - Printing PDF: C:/Users/Waren/Downloads/Chapter I - Guide for Embedded Systems Project.pdf
2025-02-22 20:56:33,943 - pisoprint - INFO - Print command: C:\Users\Waren\AppData\Local\SumatraPDF\SumatraPDF.exe -print-to EPSON L120 Series -print-settings copies=5 C:/Users/Waren/Downloads/Chapter I - Guide for Embedded Systems Project.pdf
2025-02-22 20:56:36,813 - pisoprint - INFO - [PRINT_JOB] File: Chapter I - Guide for Embedded Systems Project.pdf, Copies: 5, Pages: 0
2025-02-22 20:56:36,814 - pisoprint - INFO - Print command sent successfully
2025-02-22 20:56:36,817 - pisoprint - INFO - [PRINT] Print job completed successfully
2025-02-22 20:57:04,303 - pisoprint - INFO - [APP_STATE] System state reset
2025-02-22 20:57:04,320 - pisoprint - INFO - [NAVIGATION] Screen cleared
2025-02-22 20:57:04,345 - pisoprint - INFO - [NAVIGATION] Main screen displayed
2025-02-22 20:57:05,593 - pisoprint - INFO - [NAVIGATION] Screen cleared
2025-02-22 20:57:09,544 - pisoprint - INFO - [APP_STATE] System state reset
2025-02-22 20:57:09,599 - pisoprint - INFO - [NAVIGATION] Screen cleared
2025-02-22 20:57:09,625 - pisoprint - INFO - [NAVIGATION] Main screen displayed
2025-02-22 20:57:10,628 - pisoprint - INFO - [NAVIGATION] Screen cleared
2025-02-22 20:57:10,637 - pisoprint - INFO - [NAVIGATION] Receive screen displayed
2025-02-22 20:57:11,884 - pisoprint - INFO - [APP_STATE] System state reset
2025-02-22 20:57:11,900 - pisoprint - INFO - [NAVIGATION] Screen cleared
2025-02-22 20:57:11,924 - pisoprint - INFO - [NAVIGATION] Main screen displayed
2025-02-22 20:57:13,312 - pisoprint - INFO - [NAVIGATION] Screen cleared
2025-02-22 20:57:14,582 - pisoprint - INFO - [APP_STATE] System state reset
2025-02-22 20:57:14,637 - pisoprint - INFO - [NAVIGATION] Screen cleared
2025-02-22 20:57:14,662 - pisoprint - INFO - [NAVIGATION] Main screen displayed
2025-02-22 20:57:15,945 - pisoprint - INFO - [NAVIGATION] Screen cleared
2025-02-22 20:57:15,956 - pisoprint - INFO - [NAVIGATION] Receive screen displayed
2025-02-22 20:57:17,377 - pisoprint - INFO - [APP_STATE] System state reset
2025-02-22 20:57:17,392 - pisoprint - INFO - [NAVIGATION] Screen cleared
2025-02-22 20:57:17,418 - pisoprint - INFO - [NAVIGATION] Main screen displayed
2025-02-22 20:57:18,755 - pisoprint - INFO - [NAVIGATION] Screen cleared
2025-02-22 20:57:21,037 - pisoprint - INFO - [APP_STATE] System state reset
2025-02-22 20:57:21,093 - pisoprint - INFO - [NAVIGATION] Screen cleared
2025-02-22 20:57:21,118 - pisoprint - INFO - [NAVIGATION] Main screen displayed
2025-02-22 20:57:23,175 - pisoprint - INFO - [NAVIGATION] Screen cleared
2025-02-22 20:57:23,184 - pisoprint - INFO - [NAVIGATION] Receive screen displayed
2025-02-22 20:57:24,128 - pisoprint - INFO - [APP_STATE] System state reset
2025-02-22 20:57:24,144 - pisoprint - INFO - [NAVIGATION] Screen cleared
2025-02-22 20:57:24,170 - pisoprint - INFO - [NAVIGATION] Main screen displayed
