2025-02-22 20:30:49,100 - pisoprint - INFO - [STARTUP] Application starting
2025-02-22 20:30:49,590 - pisoprint - INFO - Found SumatraPDF at: C:\Users\Waren\AppData\Local\SumatraPDF\SumatraPDF.exe
2025-02-22 20:30:49,625 - pisoprint - INFO - PDFPrinter initialized with printer: EPSON L120 Series
2025-02-22 20:30:49,626 - pisoprint - INFO - SumatraPDF path: C:\Users\Waren\AppData\Local\SumatraPDF\SumatraPDF.exe
2025-02-22 20:30:49,632 - pisoprint - INFO - [APP_STATE] System state reset
2025-02-22 20:30:49,633 - pisoprint - INFO - [NAVIGATION] Screen cleared
2025-02-22 20:30:49,745 - pisoprint - INFO - [NAVIGATION] Main screen displayed
2025-02-22 20:30:49,751 - pisoprint - INFO - [APP_INIT] PisoPrint system initialized
2025-02-22 20:30:49,752 - pisoprint - INFO - [STARTUP] Application initialized and ready
2025-02-22 20:30:57,529 - pisoprint - INFO - [NAVIGATION] Screen cleared
2025-02-22 20:30:57,536 - pisoprint - INFO - [NAVIGATION] Receive screen displayed
2025-02-22 20:31:02,160 - pisoprint - INFO - [NAVIGATION] Screen cleared
2025-02-22 20:31:02,272 - pisoprint - INFO - [NAVIGATION] Preview screen displayed
2025-02-22 20:31:03,938 - pisoprint - INFO - [NAVIGATION] Screen cleared
2025-02-22 20:31:03,960 - pisoprint - INFO - [NAVIGATION] Selection screen displayed
2025-02-22 20:31:07,499 - pisoprint - INFO - [NAVIGATION] Screen cleared
2025-02-22 20:31:07,508 - pisoprint - INFO - CoinAcceptor initialized with port COM4, baudrate 9600
2025-02-22 20:31:07,509 - pisoprint - INFO - Connecting to coin acceptor on port COM4
2025-02-22 20:31:09,514 - pisoprint - INFO - Coin reading thread started
2025-02-22 20:31:09,515 - pisoprint - INFO - Successfully connected to coin acceptor
2025-02-22 20:31:09,520 - pisoprint - INFO - Coin callback function set
2025-02-22 20:31:09,520 - pisoprint - INFO - [PAYMENT] Coin acceptor connected and ready
2025-02-22 20:31:09,563 - pisoprint - INFO - [NAVIGATION] Payment screen displayed
2025-02-22 20:31:33,305 - pisoprint - ERROR - [CoinAcceptor] Invalid callback function (not callable)
2025-02-22 20:31:33,328 - pisoprint - INFO - [APP_STATE] System state reset
2025-02-22 20:31:33,362 - pisoprint - INFO - [NAVIGATION] Screen cleared
2025-02-22 20:31:33,388 - pisoprint - INFO - [NAVIGATION] Main screen displayed
2025-02-22 20:31:43,528 - pisoprint - INFO - [NAVIGATION] Screen cleared
