[2025-02-26 07:35:08,700] [INFO] STARTUP: Application starting
[2025-02-26 07:35:15,848] [DEBUG] SumatraPDF not found in registry
[2025-02-26 07:35:15,848] [INFO] Found SumatraPDF at: C:\Users\Waren\AppData\Local\SumatraPDF\SumatraPDF.exe
[2025-02-26 07:35:15,849] [INFO] PDFPrinter initialized with printer: EPSON L120 Series
[2025-02-26 07:35:15,849] [INFO] SumatraPDF path: C:\Users\Waren\AppData\Local\SumatraPDF\SumatraPDF.exe
[2025-02-26 07:35:15,852] [INFO] Connecting to Arduino on port COM4
[2025-02-26 07:35:15,853] [ERROR] ArduinoInterface: Error connecting to Arduino: could not open port 'COM4': FileNotFoundError(2, 'The system cannot find the file specified.', None, 2)
[2025-02-26 07:35:15,868] [INFO] STARTUP: Application initialized and ready
[2025-02-26 07:35:52,223] [INFO] CoinAcceptor initialized with port COM4, baudrate 9600
[2025-02-26 07:35:52,224] [INFO] Connecting to coin acceptor on port COM4
[2025-02-26 07:35:52,225] [ERROR] CoinAcceptor: Serial error: could not open port 'COM4': FileNotFoundError(2, 'The system cannot find the file specified.', None, 2)
[2025-02-26 07:35:54,812] [ERROR] PAYMENT: Failed to connect to coin acceptor
[2025-02-26 07:36:05,119] [INFO] NAVIGATION: Proceeding to printing with 1 copies
[2025-02-26 07:36:05,121] [ERROR] CoinAcceptor: Invalid callback function (not callable)
[2025-02-26 07:36:05,196] [ERROR] CoinAcceptor: Invalid callback function (not callable)
[2025-02-26 07:36:05,327] [INFO] Printer status: {'code': 2, 'ready': False, 'details': {'error': True}}
[2025-02-26 07:36:45,263] [INFO] Connecting to coin acceptor on port COM4
[2025-02-26 07:36:45,263] [ERROR] CoinAcceptor: Serial error: could not open port 'COM4': FileNotFoundError(2, 'The system cannot find the file specified.', None, 2)
[2025-02-26 07:36:47,695] [ERROR] PAYMENT: Failed to connect to coin acceptor
[2025-02-26 07:37:02,061] [INFO] NAVIGATION: Proceeding to printing with 5 copies
[2025-02-26 07:37:02,063] [ERROR] CoinAcceptor: Invalid callback function (not callable)
[2025-02-26 07:37:02,146] [ERROR] CoinAcceptor: Invalid callback function (not callable)
[2025-02-26 07:37:02,263] [INFO] Printer status: {'code': 2, 'ready': False, 'details': {'error': True}}
[2025-02-26 09:04:48,915] [INFO] STARTUP: Application starting
[2025-02-26 09:04:51,505] [DEBUG] SumatraPDF not found in registry
[2025-02-26 09:04:51,506] [INFO] Found SumatraPDF at: C:\Users\Waren\AppData\Local\SumatraPDF\SumatraPDF.exe
[2025-02-26 09:04:51,506] [INFO] PDFPrinter initialized with printer: EPSON L120 Series
[2025-02-26 09:04:51,506] [INFO] SumatraPDF path: C:\Users\Waren\AppData\Local\SumatraPDF\SumatraPDF.exe
[2025-02-26 09:04:51,508] [INFO] Connecting to Arduino on port COM4
[2025-02-26 09:04:51,509] [ERROR] ArduinoInterface: Error connecting to Arduino: could not open port 'COM4': FileNotFoundError(2, 'The system cannot find the file specified.', None, 2)
[2025-02-26 09:04:51,519] [INFO] STARTUP: Application initialized and ready
[2025-02-26 09:05:26,422] [INFO] CoinAcceptor initialized with port COM4, baudrate 9600
[2025-02-26 09:05:26,423] [INFO] Connecting to coin acceptor on port COM4
[2025-02-26 09:05:26,424] [ERROR] CoinAcceptor: Serial error: could not open port 'COM4': FileNotFoundError(2, 'The system cannot find the file specified.', None, 2)
[2025-02-26 09:05:29,024] [ERROR] PAYMENT: Failed to connect to coin acceptor
[2025-02-26 09:05:35,173] [INFO] NAVIGATION: Proceeding to printing with 5 copies
[2025-02-26 09:05:35,174] [ERROR] CoinAcceptor: Invalid callback function (not callable)
[2025-02-26 09:05:35,247] [ERROR] CoinAcceptor: Invalid callback function (not callable)
[2025-02-26 09:05:35,360] [INFO] Printer status: {'code': 2, 'ready': False, 'details': {'error': True}}
[2025-02-26 09:06:44,171] [INFO] STARTUP: Application starting
[2025-02-26 09:06:46,763] [DEBUG] SumatraPDF not found in registry
[2025-02-26 09:06:46,763] [INFO] Found SumatraPDF at: C:\Users\Waren\AppData\Local\SumatraPDF\SumatraPDF.exe
[2025-02-26 09:06:46,764] [INFO] PDFPrinter initialized with printer: EPSON L120 Series
[2025-02-26 09:06:46,764] [INFO] SumatraPDF path: C:\Users\Waren\AppData\Local\SumatraPDF\SumatraPDF.exe
[2025-02-26 09:06:46,767] [INFO] Connecting to Arduino on port COM4
[2025-02-26 09:06:46,768] [ERROR] ArduinoInterface: Error connecting to Arduino: could not open port 'COM4': FileNotFoundError(2, 'The system cannot find the file specified.', None, 2)
[2025-02-26 09:06:46,778] [INFO] STARTUP: Application initialized and ready
